[
  {
    "level": "INFO",
    "message": "android.ndkVersion from module build.gradle is [21.2.6472646]"
  },
  {
    "level": "INFO",
    "message": "android.ndkPath from module build.gradle is not set"
  },
  {
    "level": "INFO",
    "message": "ndk.dir in local.properties is not set"
  },
  {
    "level": "INFO",
    "message": "Not considering ANDROID_NDK_HOME because support was removed after deprecation period."
  },
  {
    "level": "INFO",
    "message": "sdkFolder is D:\\Sdk"
  },
  {
    "level": "INFO",
    "message": "Folder D:\\Sdk\\ndk\\21.2.6472646 does not exist. Ignoring."
  },
  {
    "level": "INFO",
    "message": "No NDK was found. Trying to download it now."
  },
  {
    "level": "INFO",
    "message": "NDK 21.2.6472646 was downloaded to D:\\Sdk\\ndk\\21.2.6472646. Using that."
  }
]